<?xml version="1.0" ?>
<!DOCTYPE coverage SYSTEM "https://cobertura.sourceforge.net/xml/coverage-04.dtd">
<coverage branch-rate="0" branches-covered="0" branches-valid="0" complexity="0" line-rate="0.30063291139240506" lines-covered="95" lines-valid="316" timestamp="1712985751" version="2.0.3">
    <sources>
        <source>/home/runner/work/github-action-committer-coverage-stats/github-action-committer-coverage-stats</source>
    </sources>
    <packages>
        <package line-rate="0.30063291139240506" branch-rate="0" name="src" complexity="0">
            <classes>
                <class branch-rate="0" complexity="0" filename="src/github.rs" line-rate="0.1523809523809524" name="src.github.rs">
                    <methods>
                        <method name="&lt;github_action_committer_coverage_stats::github::GitHubClient&gt;::create_summary_content::{closure#0}" signature="" complexity="0" line-rate="0" branch-rate="0">
                            <lines>
                                <line hits="0" number="87" branch="false"/>
                            </lines>
                        </method>
                        <method name="&lt;github_action_committer_coverage_stats::github::GitHubClient&gt;::create_summary_content::{closure#0}" signature="" complexity="0" line-rate="0" branch-rate="0">
                            <lines>
                                <line hits="0" number="87" branch="false"/>
                            </lines>
                        </method>
                        <method name="&lt;github_action_committer_coverage_stats::github::GitHubClient&gt;::post_comment" signature="" complexity="0" line-rate="0" branch-rate="0">
                            <lines>
                                <line hits="0" number="32" branch="false"/>
                            </lines>
                        </method>
                        <method name="&lt;github_action_committer_coverage_stats::github::GitHubClient&gt;::print_summary_to_pr" signature="" complexity="0" line-rate="0" branch-rate="0">
                            <lines>
                                <line hits="0" number="63" branch="false"/>
                            </lines>
                        </method>
                        <method name="&lt;github_action_committer_coverage_stats::github::GitHubClient&gt;::create_pr_comment_url" signature="" complexity="0" line-rate="0" branch-rate="0">
                            <lines>
                                <line hits="0" number="25" branch="false"/>
                            </lines>
                        </method>
                        <method name="&lt;github_action_committer_coverage_stats::github::GitHubClient&gt;::create_summary_content" signature="" complexity="0" line-rate="0" branch-rate="0">
                            <lines>
                                <line hits="0" number="73" branch="false"/>
                            </lines>
                        </method>
                        <method name="&lt;github_action_committer_coverage_stats::github::GitHubClient&gt;::new" signature="" complexity="0" line-rate="0" branch-rate="0">
                            <lines>
                                <line hits="0" number="17" branch="false"/>
                            </lines>
                        </method>
                        <method name="&lt;github_action_committer_coverage_stats::github::GitHubClient&gt;::post_comment" signature="" complexity="0" line-rate="0" branch-rate="0">
                            <lines>
                                <line hits="0" number="32" branch="false"/>
                            </lines>
                        </method>
                        <method name="&lt;github_action_committer_coverage_stats::github::GitHubClient&gt;::print_summary_to_pr" signature="" complexity="0" line-rate="0" branch-rate="0">
                            <lines>
                                <line hits="0" number="63" branch="false"/>
                            </lines>
                        </method>
                        <method name="&lt;github_action_committer_coverage_stats::github::GitHubClient&gt;::create_pr_comment_url" signature="" complexity="0" line-rate="0" branch-rate="0">
                            <lines>
                                <line hits="0" number="25" branch="false"/>
                            </lines>
                        </method>
                        <method name="&lt;github_action_committer_coverage_stats::github::GitHubClient&gt;::create_summary_content" signature="" complexity="0" line-rate="0" branch-rate="0">
                            <lines>
                                <line hits="0" number="73" branch="false"/>
                            </lines>
                        </method>
                        <method name="&lt;github_action_committer_coverage_stats::github::GitHubClient&gt;::new" signature="" complexity="0" line-rate="0" branch-rate="0">
                            <lines>
                                <line hits="0" number="17" branch="false"/>
                            </lines>
                        </method>
                        <method name="github_action_committer_coverage_stats::github::load_committers" signature="" complexity="0" line-rate="0" branch-rate="0">
                            <lines>
                                <line hits="0" number="118" branch="false"/>
                            </lines>
                        </method>
                        <method name="github_action_committer_coverage_stats::github::parse_pr_number_from_ref" signature="" complexity="0" line-rate="1" branch-rate="1">
                            <lines>
                                <line hits="2" number="123" branch="false"/>
                            </lines>
                        </method>
                        <method name="github_action_committer_coverage_stats::github::load_committers" signature="" complexity="0" line-rate="0" branch-rate="0">
                            <lines>
                                <line hits="0" number="118" branch="false"/>
                            </lines>
                        </method>
                        <method name="github_action_committer_coverage_stats::github::parse_pr_number_from_ref" signature="" complexity="0" line-rate="0" branch-rate="0">
                            <lines>
                                <line hits="0" number="123" branch="false"/>
                            </lines>
                        </method>
                        <method name="github_action_committer_coverage_stats::github::tests::test_parse_pull_request_number_from_ref" signature="" complexity="0" line-rate="1" branch-rate="1">
                            <lines>
                                <line hits="1" number="136" branch="false"/>
                            </lines>
                        </method>
                    </methods>
                    <lines>
                        <line branch="false" hits="0" number="17"/>
                        <line branch="false" hits="0" number="18"/>
                        <line branch="false" hits="0" number="19"/>
                        <line branch="false" hits="0" number="20"/>
                        <line branch="false" hits="0" number="21"/>
                        <line branch="false" hits="0" number="22"/>
                        <line branch="false" hits="0" number="23"/>
                        <line branch="false" hits="0" number="25"/>
                        <line branch="false" hits="0" number="26"/>
                        <line branch="false" hits="0" number="27"/>
                        <line branch="false" hits="0" number="28"/>
                        <line branch="false" hits="0" number="29"/>
                        <line branch="false" hits="0" number="30"/>
                        <line branch="false" hits="0" number="32"/>
                        <line branch="false" hits="0" number="33"/>
                        <line branch="false" hits="0" number="34"/>
                        <line branch="false" hits="0" number="35"/>
                        <line branch="false" hits="0" number="36"/>
                        <line branch="false" hits="0" number="37"/>
                        <line branch="false" hits="0" number="38"/>
                        <line branch="false" hits="0" number="39"/>
                        <line branch="false" hits="0" number="40"/>
                        <line branch="false" hits="0" number="41"/>
                        <line branch="false" hits="0" number="42"/>
                        <line branch="false" hits="0" number="43"/>
                        <line branch="false" hits="0" number="44"/>
                        <line branch="false" hits="0" number="45"/>
                        <line branch="false" hits="0" number="46"/>
                        <line branch="false" hits="0" number="47"/>
                        <line branch="false" hits="0" number="48"/>
                        <line branch="false" hits="0" number="49"/>
                        <line branch="false" hits="0" number="50"/>
                        <line branch="false" hits="0" number="51"/>
                        <line branch="false" hits="0" number="52"/>
                        <line branch="false" hits="0" number="53"/>
                        <line branch="false" hits="0" number="54"/>
                        <line branch="false" hits="0" number="55"/>
                        <line branch="false" hits="0" number="56"/>
                        <line branch="false" hits="0" number="59"/>
                        <line branch="false" hits="0" number="61"/>
                        <line branch="false" hits="0" number="63"/>
                        <line branch="false" hits="0" number="64"/>
                        <line branch="false" hits="0" number="65"/>
                        <line branch="false" hits="0" number="66"/>
                        <line branch="false" hits="0" number="67"/>
                        <line branch="false" hits="0" number="68"/>
                        <line branch="false" hits="0" number="69"/>
                        <line branch="false" hits="0" number="70"/>
                        <line branch="false" hits="0" number="71"/>
                        <line branch="false" hits="0" number="73"/>
                        <line branch="false" hits="0" number="74"/>
                        <line branch="false" hits="0" number="75"/>
                        <line branch="false" hits="0" number="76"/>
                        <line branch="false" hits="0" number="77"/>
                        <line branch="false" hits="0" number="78"/>
                        <line branch="false" hits="0" number="79"/>
                        <line branch="false" hits="0" number="80"/>
                        <line branch="false" hits="0" number="81"/>
                        <line branch="false" hits="0" number="82"/>
                        <line branch="false" hits="0" number="83"/>
                        <line branch="false" hits="0" number="84"/>
                        <line branch="false" hits="0" number="85"/>
                        <line branch="false" hits="0" number="86"/>
                        <line branch="false" hits="0" number="87"/>
                        <line branch="false" hits="0" number="88"/>
                        <line branch="false" hits="0" number="89"/>
                        <line branch="false" hits="0" number="90"/>
                        <line branch="false" hits="0" number="91"/>
                        <line branch="false" hits="0" number="93"/>
                        <line branch="false" hits="0" number="94"/>
                        <line branch="false" hits="0" number="95"/>
                        <line branch="false" hits="0" number="96"/>
                        <line branch="false" hits="0" number="98"/>
                        <line branch="false" hits="0" number="101"/>
                        <line branch="false" hits="0" number="102"/>
                        <line branch="false" hits="0" number="103"/>
                        <line branch="false" hits="0" number="104"/>
                        <line branch="false" hits="0" number="105"/>
                        <line branch="false" hits="0" number="106"/>
                        <line branch="false" hits="0" number="107"/>
                        <line branch="false" hits="0" number="108"/>
                        <line branch="false" hits="0" number="111"/>
                        <line branch="false" hits="0" number="112"/>
                        <line branch="false" hits="0" number="113"/>
                        <line branch="false" hits="0" number="114"/>
                        <line branch="false" hits="0" number="115"/>
                        <line branch="false" hits="0" number="118"/>
                        <line branch="false" hits="0" number="119"/>
                        <line branch="false" hits="0" number="120"/>
                        <line branch="false" hits="2" number="123"/>
                        <line branch="false" hits="2" number="124"/>
                        <line branch="false" hits="2" number="125"/>
                        <line branch="false" hits="1" number="126"/>
                        <line branch="false" hits="1" number="128"/>
                        <line branch="false" hits="2" number="130"/>
                        <line branch="false" hits="1" number="136"/>
                        <line branch="false" hits="1" number="137"/>
                        <line branch="false" hits="1" number="138"/>
                        <line branch="false" hits="1" number="139"/>
                        <line branch="false" hits="1" number="140"/>
                        <line branch="false" hits="1" number="141"/>
                        <line branch="false" hits="1" number="142"/>
                        <line branch="false" hits="1" number="143"/>
                        <line branch="false" hits="1" number="144"/>
                        <line branch="false" hits="1" number="145"/>
                    </lines>
                </class>
                <class branch-rate="0" complexity="0" filename="src/coverage.rs" line-rate="0.5929203539823009" name="src.coverage.rs">
                    <methods>
                        <method name="&lt;github_action_committer_coverage_stats::coverage::CommitterCoverageSummary&gt;::calculate_summary::{closure#0}" signature="" complexity="0" line-rate="1" branch-rate="1">
                            <lines>
                                <line hits="3" number="75" branch="false"/>
                            </lines>
                        </method>
                        <method name="&lt;github_action_committer_coverage_stats::coverage::CommitterCoverageSummary&gt;::calculate_summary::{closure#1}" signature="" complexity="0" line-rate="1" branch-rate="1">
                            <lines>
                                <line hits="3" number="76" branch="false"/>
                            </lines>
                        </method>
                        <method name="&lt;github_action_committer_coverage_stats::coverage::CommitterCoverageSummary&gt;::calculate_summary::{closure#0}" signature="" complexity="0" line-rate="0" branch-rate="0">
                            <lines>
                                <line hits="0" number="75" branch="false"/>
                            </lines>
                        </method>
                        <method name="&lt;github_action_committer_coverage_stats::coverage::CommitterCoverageSummary&gt;::calculate_summary::{closure#1}" signature="" complexity="0" line-rate="0" branch-rate="0">
                            <lines>
                                <line hits="0" number="76" branch="false"/>
                            </lines>
                        </method>
                        <method name="&lt;github_action_committer_coverage_stats::coverage::CommitterCoverageUserStat&gt;::get_covered" signature="" complexity="0" line-rate="0" branch-rate="0">
                            <lines>
                                <line hits="0" number="40" branch="false"/>
                            </lines>
                        </method>
                        <method name="&lt;github_action_committer_coverage_stats::coverage::CommitterCoverageUserStat&gt;::get_username" signature="" complexity="0" line-rate="0" branch-rate="0">
                            <lines>
                                <line hits="0" number="28" branch="false"/>
                            </lines>
                        </method>
                        <method name="&lt;github_action_committer_coverage_stats::coverage::CommitterCoverageUserStat&gt;::get_percent_covered" signature="" complexity="0" line-rate="1" branch-rate="1">
                            <lines>
                                <line hits="2" number="44" branch="false"/>
                            </lines>
                        </method>
                        <method name="&lt;github_action_committer_coverage_stats::coverage::CommitterCoverageUserStat&gt;::new" signature="" complexity="0" line-rate="1" branch-rate="1">
                            <lines>
                                <line hits="4" number="14" branch="false"/>
                            </lines>
                        </method>
                        <method name="&lt;github_action_committer_coverage_stats::coverage::CommitterCoverageUserStat&gt;::get_email" signature="" complexity="0" line-rate="0" branch-rate="0">
                            <lines>
                                <line hits="0" number="32" branch="false"/>
                            </lines>
                        </method>
                        <method name="&lt;github_action_committer_coverage_stats::coverage::CommitterCoverageUserStat&gt;::get_lines" signature="" complexity="0" line-rate="0" branch-rate="0">
                            <lines>
                                <line hits="0" number="36" branch="false"/>
                            </lines>
                        </method>
                        <method name="&lt;github_action_committer_coverage_stats::coverage::CommitterCoverageUserStat&gt;::get_covered" signature="" complexity="0" line-rate="0" branch-rate="0">
                            <lines>
                                <line hits="0" number="40" branch="false"/>
                            </lines>
                        </method>
                        <method name="&lt;github_action_committer_coverage_stats::coverage::CommitterCoverageUserStat&gt;::get_username" signature="" complexity="0" line-rate="0" branch-rate="0">
                            <lines>
                                <line hits="0" number="28" branch="false"/>
                            </lines>
                        </method>
                        <method name="&lt;github_action_committer_coverage_stats::coverage::CommitterCoverageUserStat&gt;::get_percent_covered" signature="" complexity="0" line-rate="0" branch-rate="0">
                            <lines>
                                <line hits="0" number="44" branch="false"/>
                            </lines>
                        </method>
                        <method name="&lt;github_action_committer_coverage_stats::coverage::CommitterCoverageUserStat&gt;::new" signature="" complexity="0" line-rate="0" branch-rate="0">
                            <lines>
                                <line hits="0" number="14" branch="false"/>
                            </lines>
                        </method>
                        <method name="&lt;github_action_committer_coverage_stats::coverage::CommitterCoverageUserStat&gt;::get_email" signature="" complexity="0" line-rate="0" branch-rate="0">
                            <lines>
                                <line hits="0" number="32" branch="false"/>
                            </lines>
                        </method>
                        <method name="&lt;github_action_committer_coverage_stats::coverage::CommitterCoverageUserStat&gt;::get_lines" signature="" complexity="0" line-rate="0" branch-rate="0">
                            <lines>
                                <line hits="0" number="36" branch="false"/>
                            </lines>
                        </method>
                        <method name="&lt;github_action_committer_coverage_stats::coverage::CommitterCoverageSummary&gt;::get_covered" signature="" complexity="0" line-rate="0" branch-rate="0">
                            <lines>
                                <line hits="0" number="88" branch="false"/>
                            </lines>
                        </method>
                        <method name="&lt;github_action_committer_coverage_stats::coverage::CommitterCoverageSummary&gt;::add_user_stat" signature="" complexity="0" line-rate="1" branch-rate="1">
                            <lines>
                                <line hits="2" number="69" branch="false"/>
                            </lines>
                        </method>
                        <method name="&lt;github_action_committer_coverage_stats::coverage::CommitterCoverageSummary&gt;::get_user_stats" signature="" complexity="0" line-rate="0" branch-rate="0">
                            <lines>
                                <line hits="0" number="80" branch="false"/>
                            </lines>
                        </method>
                        <method name="&lt;github_action_committer_coverage_stats::coverage::CommitterCoverageSummary&gt;::calculate_summary" signature="" complexity="0" line-rate="1" branch-rate="1">
                            <lines>
                                <line hits="2" number="74" branch="false"/>
                            </lines>
                        </method>
                        <method name="&lt;github_action_committer_coverage_stats::coverage::CommitterCoverageSummary&gt;::get_percent_covered" signature="" complexity="0" line-rate="0" branch-rate="0">
                            <lines>
                                <line hits="0" number="92" branch="false"/>
                            </lines>
                        </method>
                        <method name="&lt;github_action_committer_coverage_stats::coverage::CommitterCoverageSummary&gt;::new" signature="" complexity="0" line-rate="1" branch-rate="1">
                            <lines>
                                <line hits="1" number="60" branch="false"/>
                            </lines>
                        </method>
                        <method name="&lt;github_action_committer_coverage_stats::coverage::CommitterCoverageSummary&gt;::get_lines" signature="" complexity="0" line-rate="0" branch-rate="0">
                            <lines>
                                <line hits="0" number="84" branch="false"/>
                            </lines>
                        </method>
                        <method name="&lt;github_action_committer_coverage_stats::coverage::CommitterCoverageSummary&gt;::get_covered" signature="" complexity="0" line-rate="0" branch-rate="0">
                            <lines>
                                <line hits="0" number="88" branch="false"/>
                            </lines>
                        </method>
                        <method name="&lt;github_action_committer_coverage_stats::coverage::CommitterCoverageSummary&gt;::add_user_stat" signature="" complexity="0" line-rate="0" branch-rate="0">
                            <lines>
                                <line hits="0" number="69" branch="false"/>
                            </lines>
                        </method>
                        <method name="&lt;github_action_committer_coverage_stats::coverage::CommitterCoverageSummary&gt;::get_user_stats" signature="" complexity="0" line-rate="0" branch-rate="0">
                            <lines>
                                <line hits="0" number="80" branch="false"/>
                            </lines>
                        </method>
                        <method name="&lt;github_action_committer_coverage_stats::coverage::CommitterCoverageSummary&gt;::calculate_summary" signature="" complexity="0" line-rate="0" branch-rate="0">
                            <lines>
                                <line hits="0" number="74" branch="false"/>
                            </lines>
                        </method>
                        <method name="&lt;github_action_committer_coverage_stats::coverage::CommitterCoverageSummary&gt;::get_percent_covered" signature="" complexity="0" line-rate="0" branch-rate="0">
                            <lines>
                                <line hits="0" number="92" branch="false"/>
                            </lines>
                        </method>
                        <method name="&lt;github_action_committer_coverage_stats::coverage::CommitterCoverageSummary&gt;::new" signature="" complexity="0" line-rate="0" branch-rate="0">
                            <lines>
                                <line hits="0" number="60" branch="false"/>
                            </lines>
                        </method>
                        <method name="&lt;github_action_committer_coverage_stats::coverage::CommitterCoverageSummary&gt;::get_lines" signature="" complexity="0" line-rate="0" branch-rate="0">
                            <lines>
                                <line hits="0" number="84" branch="false"/>
                            </lines>
                        </method>
                        <method name="github_action_committer_coverage_stats::coverage::load_coverage_files" signature="" complexity="0" line-rate="0" branch-rate="0">
                            <lines>
                                <line hits="0" number="117" branch="false"/>
                            </lines>
                        </method>
                        <method name="github_action_committer_coverage_stats::coverage::calculate_coverage_summary" signature="" complexity="0" line-rate="0" branch-rate="0">
                            <lines>
                                <line hits="0" number="97" branch="false"/>
                            </lines>
                        </method>
                        <method name="github_action_committer_coverage_stats::coverage::load_coverage_files" signature="" complexity="0" line-rate="0" branch-rate="0">
                            <lines>
                                <line hits="0" number="117" branch="false"/>
                            </lines>
                        </method>
                        <method name="github_action_committer_coverage_stats::coverage::calculate_coverage_summary" signature="" complexity="0" line-rate="0" branch-rate="0">
                            <lines>
                                <line hits="0" number="97" branch="false"/>
                            </lines>
                        </method>
                        <method name="github_action_committer_coverage_stats::coverage::tests::test_committer_coverage_summary_calculate_summary" signature="" complexity="0" line-rate="1" branch-rate="1">
                            <lines>
                                <line hits="1" number="146" branch="false"/>
                            </lines>
                        </method>
                        <method name="github_action_committer_coverage_stats::coverage::tests::test_committer_coverage_user_stat_percent_covered" signature="" complexity="0" line-rate="1" branch-rate="1">
                            <lines>
                                <line hits="1" number="127" branch="false"/>
                            </lines>
                        </method>
                    </methods>
                    <lines>
                        <line branch="false" hits="4" number="14"/>
                        <line branch="false" hits="4" number="15"/>
                        <line branch="false" hits="1" number="16"/>
                        <line branch="false" hits="3" number="17"/>
                        <line branch="false" hits="4" number="19"/>
                        <line branch="false" hits="4" number="20"/>
                        <line branch="false" hits="4" number="21"/>
                        <line branch="false" hits="4" number="22"/>
                        <line branch="false" hits="4" number="23"/>
                        <line branch="false" hits="4" number="24"/>
                        <line branch="false" hits="4" number="25"/>
                        <line branch="false" hits="4" number="26"/>
                        <line branch="false" hits="0" number="28"/>
                        <line branch="false" hits="0" number="29"/>
                        <line branch="false" hits="0" number="30"/>
                        <line branch="false" hits="0" number="32"/>
                        <line branch="false" hits="0" number="33"/>
                        <line branch="false" hits="0" number="34"/>
                        <line branch="false" hits="0" number="36"/>
                        <line branch="false" hits="0" number="37"/>
                        <line branch="false" hits="0" number="38"/>
                        <line branch="false" hits="0" number="40"/>
                        <line branch="false" hits="0" number="41"/>
                        <line branch="false" hits="0" number="42"/>
                        <line branch="false" hits="2" number="44"/>
                        <line branch="false" hits="2" number="45"/>
                        <line branch="false" hits="2" number="46"/>
                        <line branch="false" hits="1" number="60"/>
                        <line branch="false" hits="1" number="61"/>
                        <line branch="false" hits="1" number="62"/>
                        <line branch="false" hits="1" number="63"/>
                        <line branch="false" hits="1" number="64"/>
                        <line branch="false" hits="1" number="65"/>
                        <line branch="false" hits="1" number="66"/>
                        <line branch="false" hits="1" number="67"/>
                        <line branch="false" hits="2" number="69"/>
                        <line branch="false" hits="2" number="70"/>
                        <line branch="false" hits="2" number="71"/>
                        <line branch="false" hits="2" number="72"/>
                        <line branch="false" hits="2" number="74"/>
                        <line branch="false" hits="3" number="75"/>
                        <line branch="false" hits="3" number="76"/>
                        <line branch="false" hits="2" number="77"/>
                        <line branch="false" hits="2" number="78"/>
                        <line branch="false" hits="0" number="80"/>
                        <line branch="false" hits="0" number="81"/>
                        <line branch="false" hits="0" number="82"/>
                        <line branch="false" hits="0" number="84"/>
                        <line branch="false" hits="0" number="85"/>
                        <line branch="false" hits="0" number="86"/>
                        <line branch="false" hits="0" number="88"/>
                        <line branch="false" hits="0" number="89"/>
                        <line branch="false" hits="0" number="90"/>
                        <line branch="false" hits="0" number="92"/>
                        <line branch="false" hits="0" number="93"/>
                        <line branch="false" hits="0" number="94"/>
                        <line branch="false" hits="0" number="97"/>
                        <line branch="false" hits="0" number="98"/>
                        <line branch="false" hits="0" number="99"/>
                        <line branch="false" hits="0" number="100"/>
                        <line branch="false" hits="0" number="101"/>
                        <line branch="false" hits="0" number="102"/>
                        <line branch="false" hits="0" number="103"/>
                        <line branch="false" hits="0" number="104"/>
                        <line branch="false" hits="0" number="105"/>
                        <line branch="false" hits="0" number="106"/>
                        <line branch="false" hits="0" number="107"/>
                        <line branch="false" hits="0" number="108"/>
                        <line branch="false" hits="0" number="109"/>
                        <line branch="false" hits="0" number="110"/>
                        <line branch="false" hits="0" number="111"/>
                        <line branch="false" hits="0" number="112"/>
                        <line branch="false" hits="0" number="113"/>
                        <line branch="false" hits="0" number="114"/>
                        <line branch="false" hits="0" number="115"/>
                        <line branch="false" hits="0" number="117"/>
                        <line branch="false" hits="0" number="118"/>
                        <line branch="false" hits="0" number="119"/>
                        <line branch="false" hits="1" number="127"/>
                        <line branch="false" hits="1" number="128"/>
                        <line branch="false" hits="1" number="129"/>
                        <line branch="false" hits="1" number="130"/>
                        <line branch="false" hits="1" number="131"/>
                        <line branch="false" hits="1" number="132"/>
                        <line branch="false" hits="1" number="133"/>
                        <line branch="false" hits="1" number="134"/>
                        <line branch="false" hits="1" number="136"/>
                        <line branch="false" hits="1" number="137"/>
                        <line branch="false" hits="1" number="138"/>
                        <line branch="false" hits="1" number="139"/>
                        <line branch="false" hits="1" number="140"/>
                        <line branch="false" hits="1" number="141"/>
                        <line branch="false" hits="1" number="142"/>
                        <line branch="false" hits="1" number="143"/>
                        <line branch="false" hits="1" number="146"/>
                        <line branch="false" hits="1" number="147"/>
                        <line branch="false" hits="1" number="148"/>
                        <line branch="false" hits="1" number="149"/>
                        <line branch="false" hits="1" number="150"/>
                        <line branch="false" hits="1" number="151"/>
                        <line branch="false" hits="1" number="152"/>
                        <line branch="false" hits="1" number="153"/>
                        <line branch="false" hits="1" number="154"/>
                        <line branch="false" hits="1" number="155"/>
                        <line branch="false" hits="1" number="156"/>
                        <line branch="false" hits="1" number="157"/>
                        <line branch="false" hits="1" number="158"/>
                        <line branch="false" hits="1" number="159"/>
                        <line branch="false" hits="1" number="160"/>
                        <line branch="false" hits="1" number="161"/>
                        <line branch="false" hits="1" number="162"/>
                        <line branch="false" hits="1" number="163"/>
                        <line branch="false" hits="1" number="164"/>
                    </lines>
                </class>
                <class branch-rate="0" complexity="0" filename="src/config.rs" line-rate="0.21818181818181817" name="src.config.rs">
                    <methods>
                        <method name="&lt;github_action_committer_coverage_stats::config::Config&gt;::new_from_env::{closure#0}" signature="" complexity="0" line-rate="0" branch-rate="0">
                            <lines>
                                <line hits="0" number="26" branch="false"/>
                            </lines>
                        </method>
                        <method name="&lt;github_action_committer_coverage_stats::config::Config&gt;::new_from_env::{closure#2}" signature="" complexity="0" line-rate="0" branch-rate="0">
                            <lines>
                                <line hits="0" number="34" branch="false"/>
                            </lines>
                        </method>
                        <method name="&lt;github_action_committer_coverage_stats::config::Config&gt;::new_from_env::{closure#3}" signature="" complexity="0" line-rate="0" branch-rate="0">
                            <lines>
                                <line hits="0" number="36" branch="false"/>
                            </lines>
                        </method>
                        <method name="&lt;github_action_committer_coverage_stats::config::Config&gt;::new_from_env::{closure#1}" signature="" complexity="0" line-rate="0" branch-rate="0">
                            <lines>
                                <line hits="0" number="31" branch="false"/>
                            </lines>
                        </method>
                        <method name="&lt;github_action_committer_coverage_stats::config::Config&gt;::new_from_env::{closure#0}" signature="" complexity="0" line-rate="0" branch-rate="0">
                            <lines>
                                <line hits="0" number="26" branch="false"/>
                            </lines>
                        </method>
                        <method name="&lt;github_action_committer_coverage_stats::config::Config&gt;::new_from_env::{closure#2}" signature="" complexity="0" line-rate="0" branch-rate="0">
                            <lines>
                                <line hits="0" number="34" branch="false"/>
                            </lines>
                        </method>
                        <method name="&lt;github_action_committer_coverage_stats::config::Config&gt;::new_from_env::{closure#3}" signature="" complexity="0" line-rate="0" branch-rate="0">
                            <lines>
                                <line hits="0" number="36" branch="false"/>
                            </lines>
                        </method>
                        <method name="&lt;github_action_committer_coverage_stats::config::Config&gt;::new_from_env::{closure#1}" signature="" complexity="0" line-rate="0" branch-rate="0">
                            <lines>
                                <line hits="0" number="31" branch="false"/>
                            </lines>
                        </method>
                        <method name="github_action_committer_coverage_stats::config::parse_files::{closure#0}" signature="" complexity="0" line-rate="1" branch-rate="1">
                            <lines>
                                <line hits="3" number="76" branch="false"/>
                            </lines>
                        </method>
                        <method name="github_action_committer_coverage_stats::config::parse_files::{closure#0}" signature="" complexity="0" line-rate="0" branch-rate="0">
                            <lines>
                                <line hits="0" number="76" branch="false"/>
                            </lines>
                        </method>
                        <method name="&lt;github_action_committer_coverage_stats::config::Config&gt;::new_from_env" signature="" complexity="0" line-rate="0" branch-rate="0">
                            <lines>
                                <line hits="0" number="20" branch="false"/>
                            </lines>
                        </method>
                        <method name="&lt;github_action_committer_coverage_stats::config::Config&gt;::get_github_ref" signature="" complexity="0" line-rate="0" branch-rate="0">
                            <lines>
                                <line hits="0" number="54" branch="false"/>
                            </lines>
                        </method>
                        <method name="&lt;github_action_committer_coverage_stats::config::Config&gt;::get_github_repo" signature="" complexity="0" line-rate="0" branch-rate="0">
                            <lines>
                                <line hits="0" number="62" branch="false"/>
                            </lines>
                        </method>
                        <method name="&lt;github_action_committer_coverage_stats::config::Config&gt;::get_github_token" signature="" complexity="0" line-rate="0" branch-rate="0">
                            <lines>
                                <line hits="0" number="50" branch="false"/>
                            </lines>
                        </method>
                        <method name="&lt;github_action_committer_coverage_stats::config::Config&gt;::get_min_threshold" signature="" complexity="0" line-rate="0" branch-rate="0">
                            <lines>
                                <line hits="0" number="70" branch="false"/>
                            </lines>
                        </method>
                        <method name="&lt;github_action_committer_coverage_stats::config::Config&gt;::get_github_api_url" signature="" complexity="0" line-rate="0" branch-rate="0">
                            <lines>
                                <line hits="0" number="58" branch="false"/>
                            </lines>
                        </method>
                        <method name="&lt;github_action_committer_coverage_stats::config::Config&gt;::get_files" signature="" complexity="0" line-rate="0" branch-rate="0">
                            <lines>
                                <line hits="0" number="66" branch="false"/>
                            </lines>
                        </method>
                        <method name="&lt;github_action_committer_coverage_stats::config::Config&gt;::new_from_env" signature="" complexity="0" line-rate="0" branch-rate="0">
                            <lines>
                                <line hits="0" number="20" branch="false"/>
                            </lines>
                        </method>
                        <method name="&lt;github_action_committer_coverage_stats::config::Config&gt;::get_github_ref" signature="" complexity="0" line-rate="0" branch-rate="0">
                            <lines>
                                <line hits="0" number="54" branch="false"/>
                            </lines>
                        </method>
                        <method name="&lt;github_action_committer_coverage_stats::config::Config&gt;::get_github_repo" signature="" complexity="0" line-rate="0" branch-rate="0">
                            <lines>
                                <line hits="0" number="62" branch="false"/>
                            </lines>
                        </method>
                        <method name="&lt;github_action_committer_coverage_stats::config::Config&gt;::get_github_token" signature="" complexity="0" line-rate="0" branch-rate="0">
                            <lines>
                                <line hits="0" number="50" branch="false"/>
                            </lines>
                        </method>
                        <method name="&lt;github_action_committer_coverage_stats::config::Config&gt;::get_min_threshold" signature="" complexity="0" line-rate="0" branch-rate="0">
                            <lines>
                                <line hits="0" number="70" branch="false"/>
                            </lines>
                        </method>
                        <method name="&lt;github_action_committer_coverage_stats::config::Config&gt;::get_github_api_url" signature="" complexity="0" line-rate="0" branch-rate="0">
                            <lines>
                                <line hits="0" number="58" branch="false"/>
                            </lines>
                        </method>
                        <method name="&lt;github_action_committer_coverage_stats::config::Config&gt;::get_files" signature="" complexity="0" line-rate="0" branch-rate="0">
                            <lines>
                                <line hits="0" number="66" branch="false"/>
                            </lines>
                        </method>
                        <method name="github_action_committer_coverage_stats::config::parse_files" signature="" complexity="0" line-rate="1" branch-rate="1">
                            <lines>
                                <line hits="1" number="75" branch="false"/>
                            </lines>
                        </method>
                        <method name="github_action_committer_coverage_stats::config::parse_files" signature="" complexity="0" line-rate="0" branch-rate="0">
                            <lines>
                                <line hits="0" number="75" branch="false"/>
                            </lines>
                        </method>
                        <method name="github_action_committer_coverage_stats::config::tests::test_parse_files" signature="" complexity="0" line-rate="1" branch-rate="1">
                            <lines>
                                <line hits="1" number="84" branch="false"/>
                            </lines>
                        </method>
                    </methods>
                    <lines>
                        <line branch="false" hits="0" number="20"/>
                        <line branch="false" hits="0" number="21"/>
                        <line branch="false" hits="0" number="22"/>
                        <line branch="false" hits="0" number="23"/>
                        <line branch="false" hits="0" number="24"/>
                        <line branch="false" hits="0" number="26"/>
                        <line branch="false" hits="0" number="28"/>
                        <line branch="false" hits="0" number="29"/>
                        <line branch="false" hits="0" number="30"/>
                        <line branch="false" hits="0" number="31"/>
                        <line branch="false" hits="0" number="34"/>
                        <line branch="false" hits="0" number="35"/>
                        <line branch="false" hits="0" number="36"/>
                        <line branch="false" hits="0" number="37"/>
                        <line branch="false" hits="0" number="38"/>
                        <line branch="false" hits="0" number="39"/>
                        <line branch="false" hits="0" number="40"/>
                        <line branch="false" hits="0" number="41"/>
                        <line branch="false" hits="0" number="42"/>
                        <line branch="false" hits="0" number="43"/>
                        <line branch="false" hits="0" number="44"/>
                        <line branch="false" hits="0" number="45"/>
                        <line branch="false" hits="0" number="46"/>
                        <line branch="false" hits="0" number="47"/>
                        <line branch="false" hits="0" number="48"/>
                        <line branch="false" hits="0" number="50"/>
                        <line branch="false" hits="0" number="51"/>
                        <line branch="false" hits="0" number="52"/>
                        <line branch="false" hits="0" number="54"/>
                        <line branch="false" hits="0" number="55"/>
                        <line branch="false" hits="0" number="56"/>
                        <line branch="false" hits="0" number="58"/>
                        <line branch="false" hits="0" number="59"/>
                        <line branch="false" hits="0" number="60"/>
                        <line branch="false" hits="0" number="62"/>
                        <line branch="false" hits="0" number="63"/>
                        <line branch="false" hits="0" number="64"/>
                        <line branch="false" hits="0" number="66"/>
                        <line branch="false" hits="0" number="67"/>
                        <line branch="false" hits="0" number="68"/>
                        <line branch="false" hits="0" number="70"/>
                        <line branch="false" hits="0" number="71"/>
                        <line branch="false" hits="0" number="72"/>
                        <line branch="false" hits="1" number="75"/>
                        <line branch="false" hits="3" number="76"/>
                        <line branch="false" hits="1" number="77"/>
                        <line branch="false" hits="1" number="84"/>
                        <line branch="false" hits="1" number="85"/>
                        <line branch="false" hits="1" number="86"/>
                        <line branch="false" hits="1" number="87"/>
                        <line branch="false" hits="1" number="88"/>
                        <line branch="false" hits="1" number="89"/>
                        <line branch="false" hits="1" number="90"/>
                        <line branch="false" hits="1" number="91"/>
                        <line branch="false" hits="1" number="92"/>
                    </lines>
                </class>
                <class branch-rate="0" complexity="0" filename="src/main.rs" line-rate="0" name="src.main.rs">
                    <methods>
                        <method name="github_action_committer_coverage_stats::print_summary_to_pr_if_available" signature="" complexity="0" line-rate="0" branch-rate="0">
                            <lines>
                                <line hits="0" number="4" branch="false"/>
                            </lines>
                        </method>
                        <method name="github_action_committer_coverage_stats::main" signature="" complexity="0" line-rate="0" branch-rate="0">
                            <lines>
                                <line hits="0" number="28" branch="false"/>
                            </lines>
                        </method>
                        <method name="github_action_committer_coverage_stats::print_summary_to_pr_if_available" signature="" complexity="0" line-rate="0" branch-rate="0">
                            <lines>
                                <line hits="0" number="4" branch="false"/>
                            </lines>
                        </method>
                        <method name="github_action_committer_coverage_stats::main" signature="" complexity="0" line-rate="0" branch-rate="0">
                            <lines>
                                <line hits="0" number="28" branch="false"/>
                            </lines>
                        </method>
                    </methods>
                    <lines>
                        <line branch="false" hits="0" number="4"/>
                        <line branch="false" hits="0" number="5"/>
                        <line branch="false" hits="0" number="6"/>
                        <line branch="false" hits="0" number="7"/>
                        <line branch="false" hits="0" number="8"/>
                        <line branch="false" hits="0" number="9"/>
                        <line branch="false" hits="0" number="10"/>
                        <line branch="false" hits="0" number="11"/>
                        <line branch="false" hits="0" number="13"/>
                        <line branch="false" hits="0" number="14"/>
                        <line branch="false" hits="0" number="18"/>
                        <line branch="false" hits="0" number="19"/>
                        <line branch="false" hits="0" number="20"/>
                        <line branch="false" hits="0" number="21"/>
                        <line branch="false" hits="0" number="22"/>
                        <line branch="false" hits="0" number="23"/>
                        <line branch="false" hits="0" number="24"/>
                        <line branch="false" hits="0" number="25"/>
                        <line branch="false" hits="0" number="26"/>
                        <line branch="false" hits="0" number="28"/>
                        <line branch="false" hits="0" number="29"/>
                        <line branch="false" hits="0" number="30"/>
                        <line branch="false" hits="0" number="31"/>
                        <line branch="false" hits="0" number="32"/>
                        <line branch="false" hits="0" number="35"/>
                        <line branch="false" hits="0" number="36"/>
                        <line branch="false" hits="0" number="37"/>
                        <line branch="false" hits="0" number="38"/>
                        <line branch="false" hits="0" number="39"/>
                        <line branch="false" hits="0" number="40"/>
                        <line branch="false" hits="0" number="41"/>
                        <line branch="false" hits="0" number="42"/>
                        <line branch="false" hits="0" number="43"/>
                        <line branch="false" hits="0" number="44"/>
                        <line branch="false" hits="0" number="45"/>
                        <line branch="false" hits="0" number="46"/>
                        <line branch="false" hits="0" number="47"/>
                        <line branch="false" hits="0" number="48"/>
                        <line branch="false" hits="0" number="49"/>
                        <line branch="false" hits="0" number="50"/>
                        <line branch="false" hits="0" number="51"/>
                        <line branch="false" hits="0" number="52"/>
                        <line branch="false" hits="0" number="53"/>
                    </lines>
                </class>
            </classes>
        </package>
    </packages>
</coverage>